2025-07-15 21:28:24,024 INFO o.s.b.StartupInfoLogger [restartedMain] Starting FourStarsApplication using Java 17.0.9 with PID 32752 (D:\IT\TRAINING\JAVA\SPRING\FourStars\target\classes started by Administratior in D:\IT\TRAINING\JAVA\SPRING\FourStars)
2025-07-15 21:28:24,025 INFO o.s.b.SpringApplication [restartedMain] The following 1 profile is active: "prod"
2025-07-15 21:28:24,446 INFO o.s.d.r.c.RepositoryConfigurationDelegate [restartedMain] Multiple Spring Data modules found, entering strict repository configuration mode
2025-07-15 21:28:24,446 INFO o.s.d.r.c.RepositoryConfigurationDelegate [restartedMain] Bootstrapping Spring Data JPA repositories in DEFAULT mode.
2025-07-15 21:28:24,475 INFO o.s.d.r.c.RepositoryConfigurationDelegate [restartedMain] Finished Spring Data repository scanning in 35 ms. Found 21 JPA repository interfaces.
2025-07-15 21:28:24,475 INFO o.s.d.r.c.RepositoryConfigurationDelegate [restartedMain] Multiple Spring Data modules found, entering strict repository configuration mode
2025-07-15 21:28:24,475 INFO o.s.d.r.c.RepositoryConfigurationDelegate [restartedMain] Bootstrapping Spring Data Redis repositories in DEFAULT mode.
2025-07-15 21:28:24,496 INFO o.s.d.r.c.RepositoryConfigurationExtensionSupport [restartedMain] Spring Data Redis - Could not safely identify store assignment for repository candidate interface com.fourstars.FourStars.repository.ArticleRepository; If you want this repository to be a Redis repository, consider annotating your entities with one of these annotations: org.springframework.data.redis.core.RedisHash (preferred), or consider extending one of the following types with your repository: org.springframework.data.keyvalue.repository.KeyValueRepository
2025-07-15 21:28:24,496 INFO o.s.d.r.c.RepositoryConfigurationExtensionSupport [restartedMain] Spring Data Redis - Could not safely identify store assignment for repository candidate interface com.fourstars.FourStars.repository.BadgeRepository; If you want this repository to be a Redis repository, consider annotating your entities with one of these annotations: org.springframework.data.redis.core.RedisHash (preferred), or consider extending one of the following types with your repository: org.springframework.data.keyvalue.repository.KeyValueRepository
2025-07-15 21:28:24,496 INFO o.s.d.r.c.RepositoryConfigurationExtensionSupport [restartedMain] Spring Data Redis - Could not safely identify store assignment for repository candidate interface com.fourstars.FourStars.repository.CategoryRepository; If you want this repository to be a Redis repository, consider annotating your entities with one of these annotations: org.springframework.data.redis.core.RedisHash (preferred), or consider extending one of the following types with your repository: org.springframework.data.keyvalue.repository.KeyValueRepository
2025-07-15 21:28:24,496 INFO o.s.d.r.c.RepositoryConfigurationExtensionSupport [restartedMain] Spring Data Redis - Could not safely identify store assignment for repository candidate interface com.fourstars.FourStars.repository.CommentRepository; If you want this repository to be a Redis repository, consider annotating your entities with one of these annotations: org.springframework.data.redis.core.RedisHash (preferred), or consider extending one of the following types with your repository: org.springframework.data.keyvalue.repository.KeyValueRepository
2025-07-15 21:28:24,496 INFO o.s.d.r.c.RepositoryConfigurationExtensionSupport [restartedMain] Spring Data Redis - Could not safely identify store assignment for repository candidate interface com.fourstars.FourStars.repository.GrammarRepository; If you want this repository to be a Redis repository, consider annotating your entities with one of these annotations: org.springframework.data.redis.core.RedisHash (preferred), or consider extending one of the following types with your repository: org.springframework.data.keyvalue.repository.KeyValueRepository
2025-07-15 21:28:24,496 INFO o.s.d.r.c.RepositoryConfigurationExtensionSupport [restartedMain] Spring Data Redis - Could not safely identify store assignment for repository candidate interface com.fourstars.FourStars.repository.LikeRepository; If you want this repository to be a Redis repository, consider annotating your entities with one of these annotations: org.springframework.data.redis.core.RedisHash (preferred), or consider extending one of the following types with your repository: org.springframework.data.keyvalue.repository.KeyValueRepository
2025-07-15 21:28:24,496 INFO o.s.d.r.c.RepositoryConfigurationExtensionSupport [restartedMain] Spring Data Redis - Could not safely identify store assignment for repository candidate interface com.fourstars.FourStars.repository.NotificationRepository; If you want this repository to be a Redis repository, consider annotating your entities with one of these annotations: org.springframework.data.redis.core.RedisHash (preferred), or consider extending one of the following types with your repository: org.springframework.data.keyvalue.repository.KeyValueRepository
2025-07-15 21:28:24,496 INFO o.s.d.r.c.RepositoryConfigurationExtensionSupport [restartedMain] Spring Data Redis - Could not safely identify store assignment for repository candidate interface com.fourstars.FourStars.repository.PermissionRepository; If you want this repository to be a Redis repository, consider annotating your entities with one of these annotations: org.springframework.data.redis.core.RedisHash (preferred), or consider extending one of the following types with your repository: org.springframework.data.keyvalue.repository.KeyValueRepository
2025-07-15 21:28:24,496 INFO o.s.d.r.c.RepositoryConfigurationExtensionSupport [restartedMain] Spring Data Redis - Could not safely identify store assignment for repository candidate interface com.fourstars.FourStars.repository.PlanRepository; If you want this repository to be a Redis repository, consider annotating your entities with one of these annotations: org.springframework.data.redis.core.RedisHash (preferred), or consider extending one of the following types with your repository: org.springframework.data.keyvalue.repository.KeyValueRepository
2025-07-15 21:28:24,496 INFO o.s.d.r.c.RepositoryConfigurationExtensionSupport [restartedMain] Spring Data Redis - Could not safely identify store assignment for repository candidate interface com.fourstars.FourStars.repository.PostRepository; If you want this repository to be a Redis repository, consider annotating your entities with one of these annotations: org.springframework.data.redis.core.RedisHash (preferred), or consider extending one of the following types with your repository: org.springframework.data.keyvalue.repository.KeyValueRepository
2025-07-15 21:28:24,496 INFO o.s.d.r.c.RepositoryConfigurationExtensionSupport [restartedMain] Spring Data Redis - Could not safely identify store assignment for repository candidate interface com.fourstars.FourStars.repository.QuestionChoiceRepository; If you want this repository to be a Redis repository, consider annotating your entities with one of these annotations: org.springframework.data.redis.core.RedisHash (preferred), or consider extending one of the following types with your repository: org.springframework.data.keyvalue.repository.KeyValueRepository
2025-07-15 21:28:24,496 INFO o.s.d.r.c.RepositoryConfigurationExtensionSupport [restartedMain] Spring Data Redis - Could not safely identify store assignment for repository candidate interface com.fourstars.FourStars.repository.QuestionRepository; If you want this repository to be a Redis repository, consider annotating your entities with one of these annotations: org.springframework.data.redis.core.RedisHash (preferred), or consider extending one of the following types with your repository: org.springframework.data.keyvalue.repository.KeyValueRepository
2025-07-15 21:28:24,496 INFO o.s.d.r.c.RepositoryConfigurationExtensionSupport [restartedMain] Spring Data Redis - Could not safely identify store assignment for repository candidate interface com.fourstars.FourStars.repository.QuizRepository; If you want this repository to be a Redis repository, consider annotating your entities with one of these annotations: org.springframework.data.redis.core.RedisHash (preferred), or consider extending one of the following types with your repository: org.springframework.data.keyvalue.repository.KeyValueRepository
2025-07-15 21:28:24,496 INFO o.s.d.r.c.RepositoryConfigurationExtensionSupport [restartedMain] Spring Data Redis - Could not safely identify store assignment for repository candidate interface com.fourstars.FourStars.repository.RoleRepository; If you want this repository to be a Redis repository, consider annotating your entities with one of these annotations: org.springframework.data.redis.core.RedisHash (preferred), or consider extending one of the following types with your repository: org.springframework.data.keyvalue.repository.KeyValueRepository
2025-07-15 21:28:24,496 INFO o.s.d.r.c.RepositoryConfigurationExtensionSupport [restartedMain] Spring Data Redis - Could not safely identify store assignment for repository candidate interface com.fourstars.FourStars.repository.SubscriptionRepository; If you want this repository to be a Redis repository, consider annotating your entities with one of these annotations: org.springframework.data.redis.core.RedisHash (preferred), or consider extending one of the following types with your repository: org.springframework.data.keyvalue.repository.KeyValueRepository
2025-07-15 21:28:24,496 INFO o.s.d.r.c.RepositoryConfigurationExtensionSupport [restartedMain] Spring Data Redis - Could not safely identify store assignment for repository candidate interface com.fourstars.FourStars.repository.UserAnswerRepository; If you want this repository to be a Redis repository, consider annotating your entities with one of these annotations: org.springframework.data.redis.core.RedisHash (preferred), or consider extending one of the following types with your repository: org.springframework.data.keyvalue.repository.KeyValueRepository
2025-07-15 21:28:24,496 INFO o.s.d.r.c.RepositoryConfigurationExtensionSupport [restartedMain] Spring Data Redis - Could not safely identify store assignment for repository candidate interface com.fourstars.FourStars.repository.UserQuizAttemptRepository; If you want this repository to be a Redis repository, consider annotating your entities with one of these annotations: org.springframework.data.redis.core.RedisHash (preferred), or consider extending one of the following types with your repository: org.springframework.data.keyvalue.repository.KeyValueRepository
2025-07-15 21:28:24,496 INFO o.s.d.r.c.RepositoryConfigurationExtensionSupport [restartedMain] Spring Data Redis - Could not safely identify store assignment for repository candidate interface com.fourstars.FourStars.repository.UserRepository; If you want this repository to be a Redis repository, consider annotating your entities with one of these annotations: org.springframework.data.redis.core.RedisHash (preferred), or consider extending one of the following types with your repository: org.springframework.data.keyvalue.repository.KeyValueRepository
2025-07-15 21:28:24,496 INFO o.s.d.r.c.RepositoryConfigurationExtensionSupport [restartedMain] Spring Data Redis - Could not safely identify store assignment for repository candidate interface com.fourstars.FourStars.repository.UserVocabularyRepository; If you want this repository to be a Redis repository, consider annotating your entities with one of these annotations: org.springframework.data.redis.core.RedisHash (preferred), or consider extending one of the following types with your repository: org.springframework.data.keyvalue.repository.KeyValueRepository
2025-07-15 21:28:24,496 INFO o.s.d.r.c.RepositoryConfigurationExtensionSupport [restartedMain] Spring Data Redis - Could not safely identify store assignment for repository candidate interface com.fourstars.FourStars.repository.VideoRepository; If you want this repository to be a Redis repository, consider annotating your entities with one of these annotations: org.springframework.data.redis.core.RedisHash (preferred), or consider extending one of the following types with your repository: org.springframework.data.keyvalue.repository.KeyValueRepository
2025-07-15 21:28:24,496 INFO o.s.d.r.c.RepositoryConfigurationExtensionSupport [restartedMain] Spring Data Redis - Could not safely identify store assignment for repository candidate interface com.fourstars.FourStars.repository.VocabularyRepository; If you want this repository to be a Redis repository, consider annotating your entities with one of these annotations: org.springframework.data.redis.core.RedisHash (preferred), or consider extending one of the following types with your repository: org.springframework.data.keyvalue.repository.KeyValueRepository
2025-07-15 21:28:24,496 INFO o.s.d.r.c.RepositoryConfigurationDelegate [restartedMain] Finished Spring Data repository scanning in 9 ms. Found 0 Redis repository interfaces.
2025-07-15 21:28:24,769 INFO o.s.b.w.e.t.TomcatWebServer [restartedMain] Tomcat initialized with port 8080 (http)
2025-07-15 21:28:24,770 INFO o.a.j.l.DirectJDKLog [restartedMain] Initializing ProtocolHandler ["http-nio-8080"]
2025-07-15 21:28:24,771 INFO o.a.j.l.DirectJDKLog [restartedMain] Starting service [Tomcat]
2025-07-15 21:28:24,771 INFO o.a.j.l.DirectJDKLog [restartedMain] Starting Servlet engine: [Apache Tomcat/10.1.24]
2025-07-15 21:28:24,819 INFO o.a.j.l.DirectJDKLog [restartedMain] Initializing Spring embedded WebApplicationContext
2025-07-15 21:28:24,819 INFO o.s.b.w.s.c.ServletWebServerApplicationContext [restartedMain] Root WebApplicationContext: initialization completed in 791 ms
2025-07-15 21:28:24,958 INFO o.h.j.i.u.LogHelper [restartedMain] HHH000204: Processing PersistenceUnitInfo [name: default]
2025-07-15 21:28:24,958 INFO o.h.c.i.RegionFactoryInitiator [restartedMain] HHH000026: Second-level cache disabled
2025-07-15 21:28:24,966 INFO o.s.o.j.p.SpringPersistenceUnitInfo [restartedMain] No LoadTimeWeaver setup: ignoring JPA class transformer
2025-07-15 21:28:24,967 INFO c.z.h.HikariDataSource [restartedMain] HikariPool-72 - Starting...
2025-07-15 21:28:24,971 INFO c.z.h.p.HikariPool [restartedMain] HikariPool-72 - Added connection com.mysql.cj.jdbc.ConnectionImpl@33ddf9fd
2025-07-15 21:28:24,972 INFO c.z.h.HikariDataSource [restartedMain] HikariPool-72 - Start completed.
2025-07-15 21:28:24,973 WARN o.h.d.Dialect [restartedMain] HHH000511: The 5.5.5 version for [org.hibernate.dialect.MySQLDialect] is no longer supported, hence certain features may not work properly. The minimum supported version is 8.0.0. Check the community dialects project for available legacy versions.
2025-07-15 21:28:25,248 INFO o.h.e.t.j.p.i.JtaPlatformInitiator [restartedMain] HHH000489: No JTA platform available (set 'hibernate.transaction.jta.platform' to enable JTA platform integration)
2025-07-15 21:28:25,678 INFO o.s.o.j.AbstractEntityManagerFactoryBean [restartedMain] Initialized JPA EntityManagerFactory for persistence unit 'default'
2025-07-15 21:28:25,860 INFO o.s.b.w.s.RegistrationBean [restartedMain] Filter streakUpdateFilterRegistration was not registered (disabled)
2025-07-15 21:28:26,015 WARN o.s.b.a.o.j.JpaBaseConfiguration$JpaWebConfiguration [restartedMain] spring.jpa.open-in-view is enabled by default. Therefore, database queries may be performed during view rendering. Explicitly configure spring.jpa.open-in-view to disable this warning
2025-07-15 21:28:26,324 INFO o.s.s.c.a.a.c.InitializeUserDetailsBeanManagerConfigurer$InitializeUserDetailsManagerConfigurer [restartedMain] Global AuthenticationManager configured with UserDetailsService bean with name userService
2025-07-15 21:28:26,689 INFO o.s.b.a.e.w.EndpointLinksResolver [restartedMain] Exposing 4 endpoints beneath base path '/actuator'
2025-07-15 21:28:26,731 INFO o.s.s.w.DefaultSecurityFilterChain [restartedMain] Will secure any request with [org.springframework.security.web.session.DisableEncodeUrlFilter@6297173c, org.springframework.security.web.context.request.async.WebAsyncManagerIntegrationFilter@790923c1, org.springframework.security.web.context.SecurityContextHolderFilter@121e6de3, org.springframework.security.web.header.HeaderWriterFilter@61f135b8, org.springframework.web.filter.CorsFilter@12a8e7f, org.springframework.security.web.authentication.logout.LogoutFilter@499a8805, org.springframework.security.oauth2.server.resource.web.authentication.BearerTokenAuthenticationFilter@5669ad92, com.fourstars.FourStars.config.StreakUpdateFilter@cfa5af3, org.springframework.security.web.savedrequest.RequestCacheAwareFilter@646945a7, org.springframework.security.web.servletapi.SecurityContextHolderAwareRequestFilter@76eed91b, org.springframework.security.web.authentication.AnonymousAuthenticationFilter@22ad07e7, org.springframework.security.web.session.SessionManagementFilter@523acd13, org.springframework.security.web.access.ExceptionTranslationFilter@52736bea, org.springframework.security.web.access.intercept.AuthorizationFilter@68ac0b32]
2025-07-15 21:28:27,067 INFO o.s.b.d.a.OptionalLiveReloadServer [restartedMain] LiveReload server is running on port 35729
2025-07-15 21:28:27,079 INFO o.a.j.l.DirectJDKLog [restartedMain] Starting ProtocolHandler ["http-nio-8080"]
2025-07-15 21:28:27,079 INFO o.s.b.w.e.t.TomcatWebServer [restartedMain] Tomcat started on port 8080 (http) with context path '/'
2025-07-15 21:28:27,079 INFO o.s.c.l.CompositeLog [restartedMain] Starting...
2025-07-15 21:28:27,079 INFO o.s.c.l.CompositeLog [restartedMain] BrokerAvailabilityEvent[available=true, SimpleBrokerMessageHandler [org.springframework.messaging.simp.broker.DefaultSubscriptionRegistry@19326c42]]
2025-07-15 21:28:27,079 INFO o.s.c.l.CompositeLog [restartedMain] Started.
2025-07-15 21:28:27,079 INFO o.s.a.r.c.AbstractConnectionFactory [restartedMain] Attempting to connect to: [localhost:5672]
2025-07-15 21:28:27,097 INFO o.s.a.r.c.AbstractConnectionFactory [restartedMain] Created new connection: rabbitConnectionFactory#4e48abb5:0/SimpleConnection@646713bc [delegate=amqp://guest@127.0.0.1:5672/, localPort=63272]
2025-07-15 21:28:27,170 INFO o.s.b.StartupInfoLogger [restartedMain] Started FourStarsApplication in 3.432 seconds (process running for 185315.841)
2025-07-15 21:28:27,172 INFO c.f.F.c.DataSeeder [restartedMain] ========== STARTING DATA SEEDING PROCESS ==========
2025-07-15 21:28:27,177 INFO c.f.F.c.DataSeeder [restartedMain] Permissions already exist, skipping creation.
2025-07-15 21:28:27,179 INFO c.f.F.c.DataSeeder [restartedMain] ADMIN role already has permissions, skipping assignment.
2025-07-15 21:28:27,180 INFO c.f.F.c.DataSeeder [restartedMain] Users already exist, skipping default user creation.
2025-07-15 21:28:27,180 INFO c.f.F.c.DataSeeder [restartedMain] ========== DATA SEEDING PROCESS FINISHED ==========
2025-07-15 21:28:27,181 INFO o.s.b.d.a.ConditionEvaluationDeltaLoggingListener [restartedMain] Condition evaluation unchanged
2025-07-15 21:29:12,051 INFO o.a.j.l.DirectJDKLog [http-nio-8080-exec-1] Initializing Spring DispatcherServlet 'dispatcherServlet'
2025-07-15 21:29:12,051 INFO o.s.w.s.FrameworkServlet [http-nio-8080-exec-1] Initializing Servlet 'dispatcherServlet'
2025-07-15 21:29:12,056 INFO o.s.w.s.FrameworkServlet [http-nio-8080-exec-1] Completed initialization in 5 ms
2025-07-15 21:29:20,250 INFO c.f.F.s.UserService [http-nio-8080-exec-10] Admin request to create 5 users in bulk
2025-07-15 21:29:20,260 WARN o.s.w.s.h.AbstractHandlerExceptionResolver [http-nio-8080-exec-10] Resolved [com.fourstars.FourStars.util.error.DuplicateResourceException: The following emails already exist: test1@gmail.com, test2@gmail.com, test3@gmail.com, test4@gmail.com, test5@gmail.com]
2025-07-15 21:29:27,090 INFO o.s.w.s.c.WebSocketMessageBrokerStats [MessageBroker-1] WebSocketSession[0 current WS(0)-HttpStream(0)-HttpPoll(0), 0 total, 0 closed abnormally (0 connect failure, 0 send limit, 0 transport error)], stompSubProtocol[processed CONNECT(0)-CONNECTED(0)-DISCONNECT(0)], stompBrokerRelay[null], inboundChannel[pool size = 0, active threads = 0, queued tasks = 0, completed tasks = 0], outboundChannel[pool size = 0, active threads = 0, queued tasks = 0, completed tasks = 0], sockJsScheduler[pool size = 2, active threads = 1, queued tasks = 1, completed tasks = 0]
2025-07-15 21:29:39,360 INFO c.f.F.s.VocabularyService [http-nio-8080-exec-8] Admin request to create 16 vocabularies in bulk
2025-07-15 21:29:39,414 INFO c.f.F.s.VocabularyService [http-nio-8080-exec-8] Successfully created 16 new vocabularies in bulk.
2025-07-15 21:29:39,414 INFO c.f.F.s.VocabularyService [http-nio-8080-exec-8] Publishing events for bulk-created vocabularies...
2025-07-15 21:29:39,416 INFO c.f.F.s.VocabularyService [http-nio-8080-exec-8] Finished publishing 16 events.
2025-07-15 22:47:00,311 INFO o.s.b.StartupInfoLogger [restartedMain] Starting FourStarsApplication using Java 17.0.9 with PID 32752 (D:\IT\TRAINING\JAVA\SPRING\FourStars\target\classes started by Administratior in D:\IT\TRAINING\JAVA\SPRING\FourStars)
2025-07-15 22:47:00,312 INFO o.s.b.SpringApplication [restartedMain] The following 1 profile is active: "prod"
2025-07-15 22:47:00,492 INFO o.s.d.r.c.RepositoryConfigurationDelegate [restartedMain] Multiple Spring Data modules found, entering strict repository configuration mode
2025-07-15 22:47:00,492 INFO o.s.d.r.c.RepositoryConfigurationDelegate [restartedMain] Bootstrapping Spring Data JPA repositories in DEFAULT mode.
2025-07-15 22:47:00,520 INFO o.s.d.r.c.RepositoryConfigurationDelegate [restartedMain] Finished Spring Data repository scanning in 27 ms. Found 21 JPA repository interfaces.
2025-07-15 22:47:00,522 INFO o.s.d.r.c.RepositoryConfigurationDelegate [restartedMain] Multiple Spring Data modules found, entering strict repository configuration mode
2025-07-15 22:47:00,522 INFO o.s.d.r.c.RepositoryConfigurationDelegate [restartedMain] Bootstrapping Spring Data Redis repositories in DEFAULT mode.
2025-07-15 22:47:00,525 INFO o.s.d.r.c.RepositoryConfigurationExtensionSupport [restartedMain] Spring Data Redis - Could not safely identify store assignment for repository candidate interface com.fourstars.FourStars.repository.ArticleRepository; If you want this repository to be a Redis repository, consider annotating your entities with one of these annotations: org.springframework.data.redis.core.RedisHash (preferred), or consider extending one of the following types with your repository: org.springframework.data.keyvalue.repository.KeyValueRepository
2025-07-15 22:47:00,525 INFO o.s.d.r.c.RepositoryConfigurationExtensionSupport [restartedMain] Spring Data Redis - Could not safely identify store assignment for repository candidate interface com.fourstars.FourStars.repository.BadgeRepository; If you want this repository to be a Redis repository, consider annotating your entities with one of these annotations: org.springframework.data.redis.core.RedisHash (preferred), or consider extending one of the following types with your repository: org.springframework.data.keyvalue.repository.KeyValueRepository
2025-07-15 22:47:00,525 INFO o.s.d.r.c.RepositoryConfigurationExtensionSupport [restartedMain] Spring Data Redis - Could not safely identify store assignment for repository candidate interface com.fourstars.FourStars.repository.CategoryRepository; If you want this repository to be a Redis repository, consider annotating your entities with one of these annotations: org.springframework.data.redis.core.RedisHash (preferred), or consider extending one of the following types with your repository: org.springframework.data.keyvalue.repository.KeyValueRepository
2025-07-15 22:47:00,525 INFO o.s.d.r.c.RepositoryConfigurationExtensionSupport [restartedMain] Spring Data Redis - Could not safely identify store assignment for repository candidate interface com.fourstars.FourStars.repository.CommentRepository; If you want this repository to be a Redis repository, consider annotating your entities with one of these annotations: org.springframework.data.redis.core.RedisHash (preferred), or consider extending one of the following types with your repository: org.springframework.data.keyvalue.repository.KeyValueRepository
2025-07-15 22:47:00,525 INFO o.s.d.r.c.RepositoryConfigurationExtensionSupport [restartedMain] Spring Data Redis - Could not safely identify store assignment for repository candidate interface com.fourstars.FourStars.repository.GrammarRepository; If you want this repository to be a Redis repository, consider annotating your entities with one of these annotations: org.springframework.data.redis.core.RedisHash (preferred), or consider extending one of the following types with your repository: org.springframework.data.keyvalue.repository.KeyValueRepository
2025-07-15 22:47:00,525 INFO o.s.d.r.c.RepositoryConfigurationExtensionSupport [restartedMain] Spring Data Redis - Could not safely identify store assignment for repository candidate interface com.fourstars.FourStars.repository.LikeRepository; If you want this repository to be a Redis repository, consider annotating your entities with one of these annotations: org.springframework.data.redis.core.RedisHash (preferred), or consider extending one of the following types with your repository: org.springframework.data.keyvalue.repository.KeyValueRepository
2025-07-15 22:47:00,525 INFO o.s.d.r.c.RepositoryConfigurationExtensionSupport [restartedMain] Spring Data Redis - Could not safely identify store assignment for repository candidate interface com.fourstars.FourStars.repository.NotificationRepository; If you want this repository to be a Redis repository, consider annotating your entities with one of these annotations: org.springframework.data.redis.core.RedisHash (preferred), or consider extending one of the following types with your repository: org.springframework.data.keyvalue.repository.KeyValueRepository
2025-07-15 22:47:00,525 INFO o.s.d.r.c.RepositoryConfigurationExtensionSupport [restartedMain] Spring Data Redis - Could not safely identify store assignment for repository candidate interface com.fourstars.FourStars.repository.PermissionRepository; If you want this repository to be a Redis repository, consider annotating your entities with one of these annotations: org.springframework.data.redis.core.RedisHash (preferred), or consider extending one of the following types with your repository: org.springframework.data.keyvalue.repository.KeyValueRepository
2025-07-15 22:47:00,525 INFO o.s.d.r.c.RepositoryConfigurationExtensionSupport [restartedMain] Spring Data Redis - Could not safely identify store assignment for repository candidate interface com.fourstars.FourStars.repository.PlanRepository; If you want this repository to be a Redis repository, consider annotating your entities with one of these annotations: org.springframework.data.redis.core.RedisHash (preferred), or consider extending one of the following types with your repository: org.springframework.data.keyvalue.repository.KeyValueRepository
2025-07-15 22:47:00,525 INFO o.s.d.r.c.RepositoryConfigurationExtensionSupport [restartedMain] Spring Data Redis - Could not safely identify store assignment for repository candidate interface com.fourstars.FourStars.repository.PostRepository; If you want this repository to be a Redis repository, consider annotating your entities with one of these annotations: org.springframework.data.redis.core.RedisHash (preferred), or consider extending one of the following types with your repository: org.springframework.data.keyvalue.repository.KeyValueRepository
2025-07-15 22:47:00,525 INFO o.s.d.r.c.RepositoryConfigurationExtensionSupport [restartedMain] Spring Data Redis - Could not safely identify store assignment for repository candidate interface com.fourstars.FourStars.repository.QuestionChoiceRepository; If you want this repository to be a Redis repository, consider annotating your entities with one of these annotations: org.springframework.data.redis.core.RedisHash (preferred), or consider extending one of the following types with your repository: org.springframework.data.keyvalue.repository.KeyValueRepository
2025-07-15 22:47:00,525 INFO o.s.d.r.c.RepositoryConfigurationExtensionSupport [restartedMain] Spring Data Redis - Could not safely identify store assignment for repository candidate interface com.fourstars.FourStars.repository.QuestionRepository; If you want this repository to be a Redis repository, consider annotating your entities with one of these annotations: org.springframework.data.redis.core.RedisHash (preferred), or consider extending one of the following types with your repository: org.springframework.data.keyvalue.repository.KeyValueRepository
2025-07-15 22:47:00,525 INFO o.s.d.r.c.RepositoryConfigurationExtensionSupport [restartedMain] Spring Data Redis - Could not safely identify store assignment for repository candidate interface com.fourstars.FourStars.repository.QuizRepository; If you want this repository to be a Redis repository, consider annotating your entities with one of these annotations: org.springframework.data.redis.core.RedisHash (preferred), or consider extending one of the following types with your repository: org.springframework.data.keyvalue.repository.KeyValueRepository
2025-07-15 22:47:00,525 INFO o.s.d.r.c.RepositoryConfigurationExtensionSupport [restartedMain] Spring Data Redis - Could not safely identify store assignment for repository candidate interface com.fourstars.FourStars.repository.RoleRepository; If you want this repository to be a Redis repository, consider annotating your entities with one of these annotations: org.springframework.data.redis.core.RedisHash (preferred), or consider extending one of the following types with your repository: org.springframework.data.keyvalue.repository.KeyValueRepository
2025-07-15 22:47:00,525 INFO o.s.d.r.c.RepositoryConfigurationExtensionSupport [restartedMain] Spring Data Redis - Could not safely identify store assignment for repository candidate interface com.fourstars.FourStars.repository.SubscriptionRepository; If you want this repository to be a Redis repository, consider annotating your entities with one of these annotations: org.springframework.data.redis.core.RedisHash (preferred), or consider extending one of the following types with your repository: org.springframework.data.keyvalue.repository.KeyValueRepository
2025-07-15 22:47:00,525 INFO o.s.d.r.c.RepositoryConfigurationExtensionSupport [restartedMain] Spring Data Redis - Could not safely identify store assignment for repository candidate interface com.fourstars.FourStars.repository.UserAnswerRepository; If you want this repository to be a Redis repository, consider annotating your entities with one of these annotations: org.springframework.data.redis.core.RedisHash (preferred), or consider extending one of the following types with your repository: org.springframework.data.keyvalue.repository.KeyValueRepository
2025-07-15 22:47:00,525 INFO o.s.d.r.c.RepositoryConfigurationExtensionSupport [restartedMain] Spring Data Redis - Could not safely identify store assignment for repository candidate interface com.fourstars.FourStars.repository.UserQuizAttemptRepository; If you want this repository to be a Redis repository, consider annotating your entities with one of these annotations: org.springframework.data.redis.core.RedisHash (preferred), or consider extending one of the following types with your repository: org.springframework.data.keyvalue.repository.KeyValueRepository
2025-07-15 22:47:00,525 INFO o.s.d.r.c.RepositoryConfigurationExtensionSupport [restartedMain] Spring Data Redis - Could not safely identify store assignment for repository candidate interface com.fourstars.FourStars.repository.UserRepository; If you want this repository to be a Redis repository, consider annotating your entities with one of these annotations: org.springframework.data.redis.core.RedisHash (preferred), or consider extending one of the following types with your repository: org.springframework.data.keyvalue.repository.KeyValueRepository
2025-07-15 22:47:00,525 INFO o.s.d.r.c.RepositoryConfigurationExtensionSupport [restartedMain] Spring Data Redis - Could not safely identify store assignment for repository candidate interface com.fourstars.FourStars.repository.UserVocabularyRepository; If you want this repository to be a Redis repository, consider annotating your entities with one of these annotations: org.springframework.data.redis.core.RedisHash (preferred), or consider extending one of the following types with your repository: org.springframework.data.keyvalue.repository.KeyValueRepository
2025-07-15 22:47:00,525 INFO o.s.d.r.c.RepositoryConfigurationExtensionSupport [restartedMain] Spring Data Redis - Could not safely identify store assignment for repository candidate interface com.fourstars.FourStars.repository.VideoRepository; If you want this repository to be a Redis repository, consider annotating your entities with one of these annotations: org.springframework.data.redis.core.RedisHash (preferred), or consider extending one of the following types with your repository: org.springframework.data.keyvalue.repository.KeyValueRepository
2025-07-15 22:47:00,525 INFO o.s.d.r.c.RepositoryConfigurationExtensionSupport [restartedMain] Spring Data Redis - Could not safely identify store assignment for repository candidate interface com.fourstars.FourStars.repository.VocabularyRepository; If you want this repository to be a Redis repository, consider annotating your entities with one of these annotations: org.springframework.data.redis.core.RedisHash (preferred), or consider extending one of the following types with your repository: org.springframework.data.keyvalue.repository.KeyValueRepository
2025-07-15 22:47:00,525 INFO o.s.d.r.c.RepositoryConfigurationDelegate [restartedMain] Finished Spring Data repository scanning in 3 ms. Found 0 Redis repository interfaces.
2025-07-15 22:47:00,611 INFO o.s.b.w.e.t.TomcatWebServer [restartedMain] Tomcat initialized with port 8080 (http)
2025-07-15 22:47:00,611 INFO o.a.j.l.DirectJDKLog [restartedMain] Initializing ProtocolHandler ["http-nio-8080"]
2025-07-15 22:47:00,611 INFO o.a.j.l.DirectJDKLog [restartedMain] Starting service [Tomcat]
2025-07-15 22:47:00,611 INFO o.a.j.l.DirectJDKLog [restartedMain] Starting Servlet engine: [Apache Tomcat/10.1.24]
2025-07-15 22:47:00,623 INFO o.a.j.l.DirectJDKLog [restartedMain] Initializing Spring embedded WebApplicationContext
2025-07-15 22:47:00,623 INFO o.s.b.w.s.c.ServletWebServerApplicationContext [restartedMain] Root WebApplicationContext: initialization completed in 311 ms
2025-07-15 22:47:00,689 INFO o.h.j.i.u.LogHelper [restartedMain] HHH000204: Processing PersistenceUnitInfo [name: default]
2025-07-15 22:47:00,690 INFO o.h.c.i.RegionFactoryInitiator [restartedMain] HHH000026: Second-level cache disabled
2025-07-15 22:47:00,694 INFO o.s.o.j.p.SpringPersistenceUnitInfo [restartedMain] No LoadTimeWeaver setup: ignoring JPA class transformer
2025-07-15 22:47:00,694 INFO c.z.h.HikariDataSource [restartedMain] HikariPool-78 - Starting...
2025-07-15 22:47:00,696 INFO c.z.h.p.HikariPool [restartedMain] HikariPool-78 - Added connection com.mysql.cj.jdbc.ConnectionImpl@6f6a8f3a
2025-07-15 22:47:00,696 INFO c.z.h.HikariDataSource [restartedMain] HikariPool-78 - Start completed.
2025-07-15 22:47:00,696 WARN o.h.d.Dialect [restartedMain] HHH000511: The 5.5.5 version for [org.hibernate.dialect.MySQLDialect] is no longer supported, hence certain features may not work properly. The minimum supported version is 8.0.0. Check the community dialects project for available legacy versions.
2025-07-15 22:47:00,815 INFO o.h.e.t.j.p.i.JtaPlatformInitiator [restartedMain] HHH000489: No JTA platform available (set 'hibernate.transaction.jta.platform' to enable JTA platform integration)
2025-07-15 22:47:01,003 INFO o.s.o.j.AbstractEntityManagerFactoryBean [restartedMain] Initialized JPA EntityManagerFactory for persistence unit 'default'
2025-07-15 22:47:01,102 INFO o.s.b.w.s.RegistrationBean [restartedMain] Filter streakUpdateFilterRegistration was not registered (disabled)
2025-07-15 22:47:01,181 WARN o.s.b.a.o.j.JpaBaseConfiguration$JpaWebConfiguration [restartedMain] spring.jpa.open-in-view is enabled by default. Therefore, database queries may be performed during view rendering. Explicitly configure spring.jpa.open-in-view to disable this warning
2025-07-15 22:47:01,467 INFO o.s.s.c.a.a.c.InitializeUserDetailsBeanManagerConfigurer$InitializeUserDetailsManagerConfigurer [restartedMain] Global AuthenticationManager configured with UserDetailsService bean with name userService
2025-07-15 22:47:01,641 INFO o.s.b.a.e.w.EndpointLinksResolver [restartedMain] Exposing 4 endpoints beneath base path '/actuator'
2025-07-15 22:47:01,662 INFO o.s.s.w.DefaultSecurityFilterChain [restartedMain] Will secure any request with [org.springframework.security.web.session.DisableEncodeUrlFilter@6be73078, org.springframework.security.web.context.request.async.WebAsyncManagerIntegrationFilter@6367f680, org.springframework.security.web.context.SecurityContextHolderFilter@4b1ffef, org.springframework.security.web.header.HeaderWriterFilter@798069b3, org.springframework.web.filter.CorsFilter@11d0ae67, org.springframework.security.web.authentication.logout.LogoutFilter@8c1def3, org.springframework.security.oauth2.server.resource.web.authentication.BearerTokenAuthenticationFilter@3b567bc7, com.fourstars.FourStars.config.StreakUpdateFilter@6d74828c, org.springframework.security.web.savedrequest.RequestCacheAwareFilter@49cf1ed7, org.springframework.security.web.servletapi.SecurityContextHolderAwareRequestFilter@711cc8f4, org.springframework.security.web.authentication.AnonymousAuthenticationFilter@2dd68eb0, org.springframework.security.web.session.SessionManagementFilter@5fff5502, org.springframework.security.web.access.ExceptionTranslationFilter@465443b4, org.springframework.security.web.access.intercept.AuthorizationFilter@b1505a2]
2025-07-15 22:47:01,858 INFO o.s.b.d.a.OptionalLiveReloadServer [restartedMain] LiveReload server is running on port 35729
2025-07-15 22:47:01,875 INFO o.a.j.l.DirectJDKLog [restartedMain] Starting ProtocolHandler ["http-nio-8080"]
2025-07-15 22:47:01,876 INFO o.s.b.w.e.t.TomcatWebServer [restartedMain] Tomcat started on port 8080 (http) with context path '/'
2025-07-15 22:47:01,877 INFO o.s.c.l.CompositeLog [restartedMain] Starting...
2025-07-15 22:47:01,877 INFO o.s.c.l.CompositeLog [restartedMain] BrokerAvailabilityEvent[available=true, SimpleBrokerMessageHandler [org.springframework.messaging.simp.broker.DefaultSubscriptionRegistry@397a6aaa]]
2025-07-15 22:47:01,877 INFO o.s.c.l.CompositeLog [restartedMain] Started.
2025-07-15 22:47:01,877 INFO o.s.a.r.c.AbstractConnectionFactory [restartedMain] Attempting to connect to: [localhost:5672]
2025-07-15 22:47:01,886 INFO o.s.a.r.c.AbstractConnectionFactory [restartedMain] Created new connection: rabbitConnectionFactory#607476f6:0/SimpleConnection@27f45a1e [delegate=amqp://guest@127.0.0.1:5672/, localPort=54405]
2025-07-15 22:47:01,923 INFO o.s.b.StartupInfoLogger [restartedMain] Started FourStarsApplication in 1.636 seconds (process running for 190030.593)
2025-07-15 22:47:01,924 INFO c.f.F.c.DataSeeder [restartedMain] ========== STARTING DATA SEEDING PROCESS ==========
2025-07-15 22:47:01,930 INFO c.f.F.c.DataSeeder [restartedMain] Permissions already exist, skipping creation.
2025-07-15 22:47:01,931 INFO c.f.F.c.DataSeeder [restartedMain] ADMIN role already has permissions, skipping assignment.
2025-07-15 22:47:01,932 INFO c.f.F.c.DataSeeder [restartedMain] Users already exist, skipping default user creation.
2025-07-15 22:47:01,932 INFO c.f.F.c.DataSeeder [restartedMain] ========== DATA SEEDING PROCESS FINISHED ==========
2025-07-15 22:47:01,933 INFO o.s.b.d.a.ConditionEvaluationDeltaLoggingListener [restartedMain] Condition evaluation delta:


==========================
CONDITION EVALUATION DELTA
==========================


Positive matches:
-----------------

   LogFileWebEndpointAutoConfiguration#logFileWebEndpoint matched:
      - Log File found logging.file.name logs/fourstars-app.log (LogFileWebEndpointAutoConfiguration.LogFileCondition)
      - @ConditionalOnMissingBean (types: org.springframework.boot.actuate.logging.LogFileWebEndpoint; SearchStrategy: all) did not find any beans (OnBeanCondition)


Negative matches:
-----------------

    None


Exclusions:
-----------

    None


Unconditional classes:
----------------------

    None



2025-07-15 22:48:01,883 INFO o.s.w.s.c.WebSocketMessageBrokerStats [MessageBroker-1] WebSocketSession[0 current WS(0)-HttpStream(0)-HttpPoll(0), 0 total, 0 closed abnormally (0 connect failure, 0 send limit, 0 transport error)], stompSubProtocol[processed CONNECT(0)-CONNECTED(0)-DISCONNECT(0)], stompBrokerRelay[null], inboundChannel[pool size = 0, active threads = 0, queued tasks = 0, completed tasks = 0], outboundChannel[pool size = 0, active threads = 0, queued tasks = 0, completed tasks = 0], sockJsScheduler[pool size = 2, active threads = 1, queued tasks = 1, completed tasks = 0]
2025-07-15 22:48:08,902 INFO o.s.b.d.a.LocalDevToolsAutoConfiguration$RestartingClassPathChangeChangedEventListener [File Watcher] Restarting due to 1 class path change (0 additions, 0 deletions, 1 modification)
2025-07-15 22:48:08,905 INFO o.s.c.l.CompositeLog [Thread-309] Stopping...
2025-07-15 22:48:08,905 INFO o.s.c.l.CompositeLog [Thread-309] BrokerAvailabilityEvent[available=false, SimpleBrokerMessageHandler [org.springframework.messaging.simp.broker.DefaultSubscriptionRegistry@397a6aaa]]
2025-07-15 22:48:08,905 INFO o.s.c.l.CompositeLog [Thread-309] Stopped.
2025-07-15 22:48:08,908 INFO o.s.a.r.l.SimpleMessageListenerContainer [org.springframework.amqp.rabbit.RabbitListenerEndpointContainer#0-2] Waiting for workers to finish.
2025-07-15 22:48:08,910 INFO o.s.a.r.l.SimpleMessageListenerContainer [org.springframework.amqp.rabbit.RabbitListenerEndpointContainer#1-2] Waiting for workers to finish.
2025-07-15 22:48:08,911 INFO o.s.a.r.l.SimpleMessageListenerContainer [org.springframework.amqp.rabbit.RabbitListenerEndpointContainer#2-2] Waiting for workers to finish.
2025-07-15 22:48:09,467 INFO o.s.a.r.l.SimpleMessageListenerContainer [org.springframework.amqp.rabbit.RabbitListenerEndpointContainer#1-2] Successfully waited for workers to finish.
2025-07-15 22:48:09,468 INFO o.s.a.r.l.SimpleMessageListenerContainer [org.springframework.amqp.rabbit.RabbitListenerEndpointContainer#0-2] Successfully waited for workers to finish.
2025-07-15 22:48:09,483 INFO o.s.a.r.l.SimpleMessageListenerContainer [org.springframework.amqp.rabbit.RabbitListenerEndpointContainer#2-2] Successfully waited for workers to finish.
2025-07-15 22:48:09,483 INFO o.a.j.l.DirectJDKLog [Thread-309] Stopping ProtocolHandler ["http-nio-8080"]
2025-07-15 22:48:09,501 INFO o.s.o.j.AbstractEntityManagerFactoryBean [Thread-309] Closing JPA EntityManagerFactory for persistence unit 'default'
2025-07-15 22:48:09,503 INFO c.z.h.HikariDataSource [Thread-309] HikariPool-78 - Shutdown initiated...
2025-07-15 22:48:09,505 INFO c.z.h.HikariDataSource [Thread-309] HikariPool-78 - Shutdown completed.
